#
# An unexpected error has been detected by HotSpot Virtual Machine:
#
#  EXCEPTION_ACCESS_VIOLATION (0xc0000005) at pc=0x71615978, pid=4940, tid=2200
#
# Java VM: Java HotSpot(TM) Client VM (1.5.0_12-b04 mixed mode)
# Problematic frame:
# C  [IMFNT5.DLL+0x5978]
#

---------------  T H R E A D  ---------------

Current thread (0x0b10b858):  JavaThread "Thread-2" [_thread_in_native, id=2200]

siginfo: ExceptionCode=0xc0000005, reading address 0x0000006c

Registers:
EAX=0x00000000, EBX=0x00000008, ECX=0x00000000, EDX=0x192ced9c
ESP=0x192ced0c, EBP=0x00ffffff, ESI=0x00000000, EDI=0x00000000
EIP=0x71615978, EFLAGS=0x00010246

Top of Stack: (sp=0x192ced0c)
0x192ced0c:   1973005c 000fd180 00000000 00000028
0x192ced1c:   00000010 00000000 192ced30 192ced9c
0x192ced2c:   00000000 00000008 00ffffff 00ffffff
0x192ced3c:   00000000 00000d00 00000000 00000000
0x192ced4c:   00000000 00000002 00000000 716112f4
0x192ced5c:   00000000 00000008 00ffffff 00ffffff
0x192ced6c:   00000000 00000d00 00000000 00000000
0x192ced7c:   192ced9c 00000002 00000000 00000000 

Instructions: (pc=0x71615978)
0x71615968:   0f 8b 48 08 f6 c5 80 75 07 c7 47 7c 01 00 00 00
0x71615978:   8b 5f 6c 33 c0 3b de 8d 4c 24 0c 8d 54 24 18 51 


Stack: [0x19290000,0x192d0000),  sp=0x192ced0c,  free space=251k
Native frames: (J=compiled Java code, j=interpreted, Vv=VM code, C=native code)
C  [IMFNT5.DLL+0x5978]

[error occurred during error reporting, step 120, id 0xc0000005]

Java frames: (J=compiled Java code, j=interpreted, Vv=VM code)
j  sun.awt.windows.WPrinterJob.fillRect(JFFFFIII)V+0
j  sun.awt.windows.WPrinterJob.fillRect(FFFFLjava/awt/Color;)V+42
j  sun.awt.windows.WPathGraphics.deviceFillRect(IIIILjava/awt/Color;)V+162
j  sun.print.PathGraphics.fillRect(IIII)V+45
j  net.sf.jasperreports.engine.export.JRGraphics2DExporter.exportPage(Lnet/sf/jasperreports/engine/JRPrintPage;)V+30
j  net.sf.jasperreports.engine.export.JRGraphics2DExporter.exportReportToGraphics2D()V+130
j  net.sf.jasperreports.engine.export.JRGraphics2DExporter.exportReport()V+139
j  net.sf.jasperreports.engine.print.JRPrinterAWT.print(Ljava/awt/Graphics;Ljava/awt/print/PageFormat;I)I+96
j  sun.print.RasterPrinterJob.printPage(Ljava/awt/print/Pageable;I)I+656
j  sun.print.RasterPrinterJob.print(Ljavax/print/attribute/PrintRequestAttributeSet;)V+474
j  sun.print.RasterPrinterJob.print()V+5
j  net.sf.jasperreports.engine.print.JRPrinterAWT.printPages(IIZ)Z+329
j  net.sf.jasperreports.engine.print.JRPrinterAWT.printPages(Lnet/sf/jasperreports/engine/JasperPrint;IIZ)Z+15
j  net.sf.jasperreports.engine.JasperPrintManager.printPages(Lnet/sf/jasperreports/engine/JasperPrint;IIZ)Z+4
j  net.sf.jasperreports.engine.JasperPrintManager.printReport(Lnet/sf/jasperreports/engine/JasperPrint;Z)Z+14
j  net.sf.jasperreports.view.JRViewer$21.run()V+8
j  java.lang.Thread.run()V+11
v  ~StubRoutines::call_stub

---------------  P R O C E S S  ---------------

Java Threads: ( => current thread )
  0x0b01e068 JavaThread "Image Fetcher 0" daemon [_thread_blocked, id=5996]
=>0x0b10b858 JavaThread "Thread-2" [_thread_in_native, id=2200]
  0x0b138de8 JavaThread "TimerQueue" daemon [_thread_blocked, id=5048]
  0x0b100c10 JavaThread "Java2D Disposer" daemon [_thread_blocked, id=4764]
  0x00037e18 JavaThread "DestroyJavaVM" [_thread_blocked, id=4932]
  0x0b0d7ad8 JavaThread "AWT-EventQueue-0" [_thread_blocked, id=5100]
  0x0b0c32a8 JavaThread "AWT-Windows" daemon [_thread_in_native, id=5096]
  0x0ad949e0 JavaThread "AWT-Shutdown" [_thread_blocked, id=5120]
  0x00a96490 JavaThread "Low Memory Detector" daemon [_thread_blocked, id=4856]
  0x00a951c0 JavaThread "CompilerThread0" daemon [_thread_blocked, id=4840]
  0x00a94540 JavaThread "Signal Dispatcher" daemon [_thread_blocked, id=4860]
  0x00a8b080 JavaThread "Finalizer" daemon [_thread_blocked, id=4864]
  0x00a89c30 JavaThread "Reference Handler" daemon [_thread_blocked, id=4872]

Other Threads:
  0x00a87148 VMThread [id=4908]
  0x00a940f8 WatcherThread [id=5092]

VM state:not at safepoint (normal execution)

VM Mutex/Monitor currently owned by a thread: None

Heap
 def new generation   total 576K, used 343K [0x02ad0000, 0x02b70000, 0x02fb0000)
  eden space 512K,  54% used [0x02ad0000, 0x02b15db8, 0x02b50000)
  from space 64K, 100% used [0x02b50000, 0x02b60000, 0x02b60000)
  to   space 64K,   0% used [0x02b60000, 0x02b60000, 0x02b70000)
 tenured generation   total 3924K, used 2385K [0x02fb0000, 0x03385000, 0x06ad0000)
   the space 3924K,  60% used [0x02fb0000, 0x032047a0, 0x03204800, 0x03385000)
 compacting perm gen  total 12288K, used 12242K [0x06ad0000, 0x076d0000, 0x0aad0000)
   the space 12288K,  99% used [0x06ad0000, 0x076c4910, 0x076c4a00, 0x076d0000)
No shared spaces configured.

Dynamic libraries:
0x00400000 - 0x0040d000 	C:\Archivos de programa\Java\jdk1.5.0_12\jre\bin\java.exe
0x7c910000 - 0x7c9c6000 	C:\WINDOWS\system32\ntdll.dll
0x7c800000 - 0x7c902000 	C:\WINDOWS\system32\kernel32.dll
0x77da0000 - 0x77e4c000 	C:\WINDOWS\system32\ADVAPI32.dll
0x77e50000 - 0x77ee2000 	C:\WINDOWS\system32\RPCRT4.dll
0x77fc0000 - 0x77fd1000 	C:\WINDOWS\system32\Secur32.dll
0x77be0000 - 0x77c38000 	C:\WINDOWS\system32\MSVCRT.dll
0x6d740000 - 0x6d8dd000 	C:\Archivos de programa\Java\jdk1.5.0_12\jre\bin\client\jvm.dll
0x7e390000 - 0x7e421000 	C:\WINDOWS\system32\USER32.dll
0x77ef0000 - 0x77f37000 	C:\WINDOWS\system32\GDI32.dll
0x76b00000 - 0x76b2e000 	C:\WINDOWS\system32\WINMM.dll
0x76340000 - 0x7635d000 	C:\WINDOWS\system32\IMM32.DLL
0x6d300000 - 0x6d308000 	C:\Archivos de programa\Java\jdk1.5.0_12\jre\bin\hpi.dll
0x76bb0000 - 0x76bbb000 	C:\WINDOWS\system32\PSAPI.DLL
0x6d710000 - 0x6d71c000 	C:\Archivos de programa\Java\jdk1.5.0_12\jre\bin\verify.dll
0x6d380000 - 0x6d39d000 	C:\Archivos de programa\Java\jdk1.5.0_12\jre\bin\java.dll
0x6d730000 - 0x6d73f000 	C:\Archivos de programa\Java\jdk1.5.0_12\jre\bin\zip.dll
0x6d070000 - 0x6d1da000 	C:\Archivos de programa\Java\jdk1.5.0_12\jre\bin\awt.dll
0x72f80000 - 0x72fa6000 	C:\WINDOWS\system32\WINSPOOL.DRV
0x774b0000 - 0x775ed000 	C:\WINDOWS\system32\ole32.dll
0x736e0000 - 0x73729000 	C:\WINDOWS\system32\ddraw.dll
0x73b40000 - 0x73b46000 	C:\WINDOWS\system32\DCIMAN32.dll
0x746b0000 - 0x746fb000 	C:\WINDOWS\system32\MSCTF.dll
0x75160000 - 0x7518e000 	C:\WINDOWS\system32\msctfime.ime
0x6d2b0000 - 0x6d300000 	C:\Archivos de programa\Java\jdk1.5.0_12\jre\bin\fontmanager.dll
0x7e6a0000 - 0x7eec1000 	C:\WINDOWS\system32\shell32.dll
0x77f40000 - 0x77fb6000 	C:\WINDOWS\system32\SHLWAPI.dll
0x773a0000 - 0x774a3000 	C:\WINDOWS\WinSxS\x86_Microsoft.Windows.Common-Controls_6595b64144ccf1df_6.0.2600.2982_x-ww_ac3f9c03\comctl32.dll
0x58c30000 - 0x58cca000 	C:\WINDOWS\system32\comctl32.dll
0x6d540000 - 0x6d553000 	C:\Archivos de programa\Java\jdk1.5.0_12\jre\bin\net.dll
0x71a30000 - 0x71a47000 	C:\WINDOWS\system32\WS2_32.dll
0x71a20000 - 0x71a28000 	C:\WINDOWS\system32\WS2HELP.dll
0x6d560000 - 0x6d569000 	C:\Archivos de programa\Java\jdk1.5.0_12\jre\bin\nio.dll
0x6d3f0000 - 0x6d3fd000 	C:\Archivos de programa\Java\jdk1.5.0_12\jre\bin\JdbcOdbc.dll
0x745e0000 - 0x7461d000 	C:\WINDOWS\system32\ODBC32.dll
0x76360000 - 0x763aa000 	C:\WINDOWS\system32\comdlg32.dll
0x20000000 - 0x20018000 	C:\WINDOWS\system32\odbcint.dll
0x4ddc0000 - 0x4de04000 	C:\WINDOWS\system32\odbcjt32.dll
0x1b000000 - 0x1b170000 	C:\WINDOWS\system32\msjet40.dll
0x1b5d0000 - 0x1b665000 	C:\WINDOWS\system32\mswstr10.dll
0x770f0000 - 0x7717b000 	C:\WINDOWS\system32\OLEAUT32.dll
0x67240000 - 0x67250000 	C:\WINDOWS\system32\odbcji32.dll
0x1b2c0000 - 0x1b2cd000 	C:\WINDOWS\system32\msjter40.dll
0x1b2d0000 - 0x1b2fd000 	C:\WINDOWS\system32\MSJINT40.DLL
0x612d0000 - 0x612eb000 	C:\WINDOWS\system32\odbccp32.dll
0x77bd0000 - 0x77bd8000 	C:\WINDOWS\system32\VERSION.dll
0x76f90000 - 0x7700f000 	C:\WINDOWS\system32\CLBCATQ.DLL
0x77010000 - 0x770e0000 	C:\WINDOWS\system32\COMRes.dll
0x1b810000 - 0x1b84a000 	C:\WINDOWS\system32\msjtes40.dll
0x189a0000 - 0x189ab000 	C:\WINDOWS\system32\VBAJET32.DLL
0x18dc0000 - 0x18e22000 	C:\WINDOWS\system32\expsrv.dll
0x6d230000 - 0x6d253000 	C:\Archivos de programa\Java\jdk1.5.0_12\jre\bin\dcpr.dll
0x6d440000 - 0x6d45f000 	C:\Archivos de programa\Java\jdk1.5.0_12\jre\bin\jpeg.dll
0x192d0000 - 0x195a6000 	C:\WINDOWS\system32\xpsp2res.dll
0x71610000 - 0x7161e000 	C:\WINDOWS\System32\spool\DRIVERS\W32X86\3\IMFNT5.DLL
0x715d0000 - 0x715d6000 	C:\WINDOWS\System32\spool\DRIVERS\W32X86\3\ZTAG32.dll
0x71600000 - 0x71607000 	C:\WINDOWS\System32\spool\DRIVERS\W32X86\3\Imf32.dll
0x0b410000 - 0x0b417000 	C:\WINDOWS\System32\spool\DRIVERS\W32X86\3\SDNT5UI.DLL
0x71000000 - 0x71011000 	C:\WINDOWS\System32\spool\DRIVERS\W32X86\3\SDDM32.DLL
0x71130000 - 0x71145000 	C:\WINDOWS\System32\spool\DRIVERS\W32X86\3\ZSPOOL.dll
0x0b420000 - 0x0b42a000 	C:\WINDOWS\System32\spool\DRIVERS\W32X86\3\ZGDI32.dll
0x71060000 - 0x71080000 	C:\WINDOWS\System32\spool\DRIVERS\W32X86\3\SDDMUI.DLL
0x71020000 - 0x71056000 	C:\WINDOWS\System32\spool\DRIVERS\W32X86\3\SR32.dll

VM Arguments:
java_command: gafetes.Main
Launcher Type: SUN_STANDARD

Environment Variables:
CLASSPATH=.;.;C:\ARCHIV~1\JMF21~1.1E\lib\sound.jar;C:\ARCHIV~1\JMF21~1.1E\lib\jmf.jar;C:\ARCHIV~1\JMF21~1.1E\lib;C:\WINDOWS\java\classes;.
PATH=C:\WINDOWS\system32;C:\WINDOWS;C:\WINDOWS\System32\Wbem;C:\Archivos de programa\Microsoft Visual Studio 8\Team Tools\Performance Tools\;c:\Archivos de programa\Microsoft SQL Server\90\Tools\binn\
USERNAME=jalafita
OS=Windows_NT
PROCESSOR_IDENTIFIER=x86 Family 15 Model 6 Stepping 5, GenuineIntel



---------------  S Y S T E M  ---------------

OS: Windows XP Build 2600 Service Pack 2

CPU:total 2 (cores per cpu 1, threads per core 2) family 15 model 6 stepping 5, cmov, cx8, fxsr, mmx, sse, sse2, sse3, ht

Memory: 4k page, physical 515312k(42452k free), swap 1259548k(292276k free)

vm_info: Java HotSpot(TM) Client VM (1.5.0_12-b04) for windows-x86, built on May  2 2007 02:07:59 by "java_re" with MS VC++ 6.0

